<?xml version="1.0" encoding="UTF-8"?>
<!-- Generated by org.testng.reporters.JUnitXMLReporter -->
<testsuite ignored="5" hostname="ALEXIS-PC" failures="0" tests="1" name="Default test" time="1.37" errors="0" timestamp="2023-06-05T15:13:41 CST">
  <testcase classname="test.TestExamples_FakeServer" name="test00_GET" time="1.332"/>
  <testcase classname="test.TestExamples_FakeServer" name="test03_PUT" time="0.0">
    <ignored/>
  </testcase> <!-- test03_PUT -->
  <testcase classname="test.TestExamples_FakeServer" name="test01_GET" time="0.0">
    <ignored/>
  </testcase> <!-- test01_GET -->
  <testcase classname="test.TestExamples_FakeServer" name="test02_POST" time="0.0">
    <ignored/>
  </testcase> <!-- test02_POST -->
  <testcase classname="test.TestExamples_FakeServer" name="test04_PATCH" time="0.0">
    <ignored/>
  </testcase> <!-- test04_PATCH -->
  <testcase classname="test.TestExamples_FakeServer" name="test05_DELETE" time="0.0">
    <ignored/>
  </testcase> <!-- test05_DELETE -->
</testsuite> <!-- Default test -->
